<?xml version="1.0" encoding="UTF-8"?>
<testng-results skipped="0" failed="0" total="0" passed="0">
  <reporter-output>
  </reporter-output>
  <suite name="Default suite" duration-ms="17" started-at="2016-08-22T04:59:57Z" finished-at="2016-08-22T04:59:57Z">
    <groups>
    </groups>
    <test name="Default test" duration-ms="17" started-at="2016-08-22T04:59:57Z" finished-at="2016-08-22T04:59:57Z">
      <class name="com.test.LoginPageTest">
        <test-method status="FAIL" signature="beforeSuite()[pri:0, instance:com.test.LoginPageTest@5135e781]" name="beforeSuite" is-config="true" duration-ms="0" started-at="2016-08-21T21:59:51Z" finished-at="2016-08-21T21:59:51Z">
          <exception class="java.lang.Error">
            <message>
              <![CDATA[Unresolved compilation problems: 
	The type org.apache.poi.ss.usermodel.Row cannot be resolved. It is indirectly referenced from required .class files
	The type org.apache.poi.ss.usermodel.Sheet cannot be resolved. It is indirectly referenced from required .class files
	The method removeRow(Row) from the type XSSFSheet refers to the missing type Row
	Row cannot be resolved to a type
	The method iterator() from the type XSSFSheet refers to the missing type Row
	Row cannot be resolved to a type
	Syntax error, insert "}" to complete Block
	Syntax error on token "}", delete this token
	Syntax error, insert "}" to complete ClassBody
]]>
            </message>
            <full-stacktrace>
              <![CDATA[java.lang.Error: Unresolved compilation problems: 
	The type org.apache.poi.ss.usermodel.Row cannot be resolved. It is indirectly referenced from required .class files
	The type org.apache.poi.ss.usermodel.Sheet cannot be resolved. It is indirectly referenced from required .class files
	The method removeRow(Row) from the type XSSFSheet refers to the missing type Row
	Row cannot be resolved to a type
	The method iterator() from the type XSSFSheet refers to the missing type Row
	Row cannot be resolved to a type
	Syntax error, insert "}" to complete Block
	Syntax error on token "}", delete this token
	Syntax error, insert "}" to complete ClassBody

	at com.util.Excelutil.<init>(Excelutil.java:36)
	at com.base.BaseTest.beforeSuite(BaseTest.java:23)
	at sun.reflect.NativeMethodAccessorImpl.invoke0(Native Method)
	at sun.reflect.NativeMethodAccessorImpl.invoke(NativeMethodAccessorImpl.java:57)
	at sun.reflect.DelegatingMethodAccessorImpl.invoke(DelegatingMethodAccessorImpl.java:43)
	at java.lang.reflect.Method.invoke(Method.java:606)
	at org.testng.internal.MethodInvocationHelper.invokeMethod(MethodInvocationHelper.java:86)
	at org.testng.internal.Invoker.invokeConfigurationMethod(Invoker.java:515)
	at org.testng.internal.Invoker.invokeConfigurations(Invoker.java:216)
	at org.testng.internal.Invoker.invokeConfigurations(Invoker.java:143)
	at org.testng.SuiteRunner.privateRun(SuiteRunner.java:305)
	at org.testng.SuiteRunner.run(SuiteRunner.java:268)
	at org.testng.SuiteRunnerWorker.runSuite(SuiteRunnerWorker.java:52)
	at org.testng.SuiteRunnerWorker.run(SuiteRunnerWorker.java:86)
	at org.testng.TestNG.runSuitesSequentially(TestNG.java:1225)
	at org.testng.TestNG.runSuitesLocally(TestNG.java:1150)
	at org.testng.TestNG.runSuites(TestNG.java:1075)
	at org.testng.TestNG.run(TestNG.java:1047)
	at org.testng.remote.AbstractRemoteTestNG.run(AbstractRemoteTestNG.java:126)
	at org.testng.remote.RemoteTestNG.initAndRun(RemoteTestNG.java:137)
	at org.testng.remote.RemoteTestNG.main(RemoteTestNG.java:58)
]]>
            </full-stacktrace>
          </exception> <!-- java.lang.Error -->
          <reporter-output>
          </reporter-output>
        </test-method> <!-- beforeSuite -->
        <test-method status="SKIP" signature="afterSuite()[pri:0, instance:com.test.LoginPageTest@5135e781]" name="afterSuite" is-config="true" duration-ms="0" started-at="2016-08-21T21:59:57Z" finished-at="2016-08-21T21:59:57Z">
          <reporter-output>
          </reporter-output>
        </test-method> <!-- afterSuite -->
      </class> <!-- com.test.LoginPageTest -->
    </test> <!-- Default test -->
  </suite> <!-- Default suite -->
</testng-results>
